<?xml version="1.0" encoding="UTF-8"?>
<!-- Generated by org.testng.reporters.JUnitReportReporter -->
<testsuite hostname="LAPTOP-83PKPEG5" failures="0" tests="1" name="jenkinssample.SmokeTest" time="30.324" errors="0" timestamp="2019-12-06T16:43:52 GMT" skipped="0">
  <testcase classname="jenkinssample.SmokeTest" name="loginTest" time="30.324"/>
</testsuite> <!-- jenkinssample.SmokeTest -->
